# project expertn_mpmas configured on Fri Mar  9 22:04:02 2018 by
# waf 1.7.9 (abi 98, python 20705f0 on linux2)
# using ./waf configure --USE_MPI
#
----------------------------------------
Setting top to
/pfs/data2/home/ho/ho_mas/ho_trooscb9/xn-mpmas/xn-mpmas-code/src
----------------------------------------
Setting out to
/pfs/data2/home/ho/ho_mas/ho_trooscb9/xn-mpmas/xn-mpmas-code/src/build
----------------------------------------
Checking for 'g++' (c++ compiler)
find program=['g++', 'c++'] paths='' var='CXX' -> 'g++'
find program=['ar'] paths=['/home/ho/ho_mas/ho_trooscb9/perl5/bin', '/opt/bwhpc/common/mpi/openmpi/1.8.7-gnu-4.8/bin', '/opt/bwhpc/common/compiler/gnu/4.8.3/bin', '/opt/bwhpc/common/math/R/3.2.1-mkl-11.2.3-intel-15.0_patched/bin', '/opt/bwhpc/common/compiler/intel/compxe.2015.3.187/mkl/bin', '/opt/bwhpc/common/compiler/intel/compxe.2015.3.187/composer_xe_2015.3.187/debugger/gdb/intel64/bin', '/opt/bwhpc/common/compiler/intel/compxe.2015.3.187/composer_xe_2015.3.187/bin/intel64', '/home/ho/ho_mas/ho_trooscb9/bin', '/software/all/bin', '/usr/lib64/qt-3.3/bin', '/opt/moab/bin', '/usr/local/bin', '/usr/bin', '/usr/local/sbin', '/usr/sbin', '/home/ho/ho_mas/ho_trooscb9/expertn50/built/bin', '/home/ho/ho_mas/ho_trooscb9/expertn50/expertn_tools', '/home/ho/ho_mas/ho_trooscb9/bin'] var='AR' -> '/usr/bin/ar'
g++
----------------------------------------
Checking for 'gcc' (c compiler)
find program=['gcc', 'cc'] paths='' var='CC' -> 'gcc'
(tool ar is already loaded, skipping)
gcc
----------------------------------------
Checking for program pkg-config
/usr/bin/pkg-config
find program=['pkg-config'] paths=['/home/ho/ho_mas/ho_trooscb9/perl5/bin', '/opt/bwhpc/common/mpi/openmpi/1.8.7-gnu-4.8/bin', '/opt/bwhpc/common/compiler/gnu/4.8.3/bin', '/opt/bwhpc/common/math/R/3.2.1-mkl-11.2.3-intel-15.0_patched/bin', '/opt/bwhpc/common/compiler/intel/compxe.2015.3.187/mkl/bin', '/opt/bwhpc/common/compiler/intel/compxe.2015.3.187/composer_xe_2015.3.187/debugger/gdb/intel64/bin', '/opt/bwhpc/common/compiler/intel/compxe.2015.3.187/composer_xe_2015.3.187/bin/intel64', '/home/ho/ho_mas/ho_trooscb9/bin', '/software/all/bin', '/usr/lib64/qt-3.3/bin', '/opt/moab/bin', '/usr/local/bin', '/usr/bin', '/usr/local/sbin', '/usr/sbin', '/home/ho/ho_mas/ho_trooscb9/expertn50/built/bin', '/home/ho/ho_mas/ho_trooscb9/expertn50/expertn_tools', '/home/ho/ho_mas/ho_trooscb9/bin'] var='PKGCONFIG' -> '/usr/bin/pkg-config'
----------------------------------------
Checking for 'glib-2.0' >= 2.22.5
['/usr/bin/pkg-config', '--atleast-version=2.22.5', 'glib-2.0']
['/usr/bin/pkg-config', '--cflags', '--libs', 'glib-2.0']
out: -I/usr/include/glib-2.0 -I/usr/lib64/glib-2.0/include  -lglib-2.0  

yes
----------------------------------------
Checking for 'gobject-2.0' >= 2.22.5
['/usr/bin/pkg-config', '--atleast-version=2.22.5', 'gobject-2.0']
['/usr/bin/pkg-config', '--cflags', '--libs', 'gobject-2.0']
out: -I/usr/include/glib-2.0 -I/usr/lib64/glib-2.0/include  -lgobject-2.0 -lglib-2.0  

yes
----------------------------------------
Checking for 'gmodule-2.0'
['/usr/bin/pkg-config', '--cflags', '--libs', 'gmodule-2.0']
out: -pthread -I/usr/include/glib-2.0 -I/usr/lib64/glib-2.0/include  -Wl,--export-dynamic -pthread -lgmodule-2.0 -lglib-2.0  

yes
----------------------------------------
Checking for 'gmodule-2.0'
['/usr/bin/pkg-config', '--cflags', '--libs', 'gmodule-2.0']
out: -pthread -I/usr/include/glib-2.0 -I/usr/lib64/glib-2.0/include  -Wl,--export-dynamic -pthread -lgmodule-2.0 -lglib-2.0  

yes
----------------------------------------
Checking for 'libxml-2.0'
['/usr/bin/pkg-config', '--cflags', '--libs', 'libxml-2.0']
out: -I/usr/include/libxml2  -lxml2  

yes
----------------------------------------
Checking for 'libgda-4.0' >= 4.0.4
['/usr/bin/pkg-config', '--atleast-version=4.0.4', 'libgda-4.0']
['/usr/bin/pkg-config', '--cflags', '--libs', 'libgda-4.0']
out: -pthread -I/home/ho/ho_mas/ho_trooscb9/gdalibs/include/libgda-4.0 -I/home/ho/ho_mas/ho_trooscb9/gdalibs/include/libgda-4.0/libgda -I/usr/include/libxml2 -I/usr/include/glib-2.0 -I/usr/lib64/glib-2.0/include  -pthread -L/home/ho/ho_mas/ho_trooscb9/gdalibs/lib -lgda-4.0 -lgobject-2.0 -lgthread-2.0 -lxml2 -lglib-2.0  

yes
----------------------------------------
Checking for 'yaml-cpp'
['/usr/bin/pkg-config', '--cflags', '--libs', 'yaml-cpp']
out: -I/home/ho/ho_mas/ho_trooscb9/xn-mpmas/xn-mpmas-code/lib64/include  -L/home/ho/ho_mas/ho_trooscb9/xn-mpmas/xn-mpmas-code/lib64/lib -lyaml-cpp  

yes
----------------------------------------
Checking for library m
==>

int main(int argc, char **argv) {
	(void)argc; (void)argv;
	return 0;
}

<==
[1/2] [32mc: build/.conf_check_7a840b604b19cb962c69209e28232766/test.c -> build/.conf_check_7a840b604b19cb962c69209e28232766/testbuild/test.c.1.o
[0m
['gcc', '-Wall', '-DHAVE_GLIB=1', '-DHAVE_GOBJECT=1', '-DHAVE_GMODULE=1', '-DHAVE_LIBXML2=1', '-DHAVE_LIBGDA=1', '-DHAVE_YAML=1', '../test.c', '-c', '-o', 'test.c.1.o']
[2/2] [33mcprogram: build/.conf_check_7a840b604b19cb962c69209e28232766/testbuild/test.c.1.o -> build/.conf_check_7a840b604b19cb962c69209e28232766/testbuild/testprog
[0m
['gcc', 'test.c.1.o', '-o', '/pfs/data2/home/ho/ho_mas/ho_trooscb9/xn-mpmas/xn-mpmas-code/src/build/.conf_check_7a840b604b19cb962c69209e28232766/testbuild/testprog', '-Wl,-Bstatic', '-Wl,-Bdynamic', '-lm']
yes
----------------------------------------
Checking for MS Windows
False
----------------------------------------
Checking Expert-N Version
5.0 Rev 0
----------------------------------------
Flag debug:
False
----------------------------------------
Flag max_optimize
False
----------------------------------------
Flag USE_OPENMP
False
----------------------------------------
Flag USE_MPI
True
----------------------------------------
Checking for 'mpic++'
['mpic++', '--showme']
out: g++ -I/opt/bwhpc/common/mpi/openmpi/1.8.7-gnu-4.8/include/openmpi/opal/mca/hwloc/hwloc191/hwloc/include -I/opt/bwhpc/common/mpi/openmpi/1.8.7-gnu-4.8/include/openmpi/opal/mca/event/libevent2021/libevent -I/opt/bwhpc/common/mpi/openmpi/1.8.7-gnu-4.8/include/openmpi/opal/mca/event/libevent2021/libevent/include -I/opt/bwhpc/common/mpi/openmpi/1.8.7-gnu-4.8/include -I/opt/bwhpc/common/mpi/openmpi/1.8.7-gnu-4.8/include/openmpi -pthread -Wl,-rpath -Wl,/opt/bwhpc/common/mpi/openmpi/1.8.7-gnu-4.8/lib -Wl,--enable-new-dtags -L/opt/bwhpc/common/mpi/openmpi/1.8.7-gnu-4.8/lib -lmpi_cxx -lmpi

yes
----------------------------------------
Checking for pnetcdf 
==>
#include <mpi.h>
                         #include <pnetcdf.h>
                        int main(int argc, char **argv){
                        int ncfile;
                        return ncmpi_create(MPI_COMM_WORLD, argv[1],NC_CLOBBER|NC_64BIT_OFFSET, MPI_INFO_NULL, &ncfile);
                        };
<==
[1/2] [32mc: build/.conf_check_904b6680fe220e3d256ba2cf71edb23c/test.c -> build/.conf_check_904b6680fe220e3d256ba2cf71edb23c/testbuild/test.c.1.o
[0m
['gcc', '-Wall', '-fPIC', '-O2', '-pthread', '-I/pfs/data2/home/ho/ho_mas/ho_trooscb9/xn-mpmas/xn-mpmas-code/include/pnetcdf', '-I/opt/bwhpc/common/mpi/openmpi/1.8.7-gnu-4.8/include/openmpi/opal/mca/hwloc/hwloc191/hwloc/include', '-I/opt/bwhpc/common/mpi/openmpi/1.8.7-gnu-4.8/include/openmpi/opal/mca/event/libevent2021/libevent', '-I/opt/bwhpc/common/mpi/openmpi/1.8.7-gnu-4.8/include/openmpi/opal/mca/event/libevent2021/libevent/include', '-I/opt/bwhpc/common/mpi/openmpi/1.8.7-gnu-4.8/include', '-I/opt/bwhpc/common/mpi/openmpi/1.8.7-gnu-4.8/include/openmpi', '-DHAVE_GLIB=1', '-DHAVE_GOBJECT=1', '-DHAVE_GMODULE=1', '-DHAVE_LIBXML2=1', '-DHAVE_LIBGDA=1', '-DHAVE_YAML=1', '-DXPN_VERSION="5.0 Rev 0"', '-DHAVE_OPEN_MPI=1', '-DUSE_MPI=1', '-DPAR2=1', '../test.c', '-c', '-o', 'test.c.1.o']
err: cc1: warning: /pfs/data2/home/ho/ho_mas/ho_trooscb9/xn-mpmas/xn-mpmas-code/include/pnetcdf: not a directory [enabled by default]
../test.c:2:46: fatal error: pnetcdf.h: No such file or directory
                          #include <pnetcdf.h>
                                              ^
compilation terminated.

from /pfs/data2/home/ho/ho_mas/ho_trooscb9/xn-mpmas/xn-mpmas-code/src: Test does not build: Traceback (most recent call last):
  File "/pfs/data2/home/ho/ho_mas/ho_trooscb9/xn-mpmas/xn-mpmas-code/src/.waf-1.7.9-894b00a4b806519bb5e04ddc9eff1714/waflib/Tools/c_config.py", line 459, in run_c_code
    bld.compile()
  File "/pfs/data2/home/ho/ho_mas/ho_trooscb9/xn-mpmas/xn-mpmas-code/src/.waf-1.7.9-894b00a4b806519bb5e04ddc9eff1714/waflib/Build.py", line 198, in compile
    raise Errors.BuildError(self.producer.error)
BuildError: Build failed
 -> task in 'testprog' failed (exit status 1): 
	{task 26186384: c test.c -> test.c.1.o}
['gcc', '-Wall', '-fPIC', '-O2', '-pthread', '-I/pfs/data2/home/ho/ho_mas/ho_trooscb9/xn-mpmas/xn-mpmas-code/include/pnetcdf', '-I/opt/bwhpc/common/mpi/openmpi/1.8.7-gnu-4.8/include/openmpi/opal/mca/hwloc/hwloc191/hwloc/include', '-I/opt/bwhpc/common/mpi/openmpi/1.8.7-gnu-4.8/include/openmpi/opal/mca/event/libevent2021/libevent', '-I/opt/bwhpc/common/mpi/openmpi/1.8.7-gnu-4.8/include/openmpi/opal/mca/event/libevent2021/libevent/include', '-I/opt/bwhpc/common/mpi/openmpi/1.8.7-gnu-4.8/include', '-I/opt/bwhpc/common/mpi/openmpi/1.8.7-gnu-4.8/include/openmpi', '-DHAVE_GLIB=1', '-DHAVE_GOBJECT=1', '-DHAVE_GMODULE=1', '-DHAVE_LIBXML2=1', '-DHAVE_LIBGDA=1', '-DHAVE_YAML=1', '-DXPN_VERSION="5.0 Rev 0"', '-DHAVE_OPEN_MPI=1', '-DUSE_MPI=1', '-DPAR2=1', '../test.c', '-c', '-o', 'test.c.1.o']

no
from /pfs/data2/home/ho/ho_mas/ho_trooscb9/xn-mpmas/xn-mpmas-code/src: The configuration failed
----------------------------------------
Checking for 'pnetcdf'
['/usr/bin/pkg-config', '--cflags', '--libs', 'pnetcdf']
out: -I/home/ho/ho_mas/ho_trooscb9/xn-mpmas/xn-mpmas-code/include  -L/home/ho/ho_mas/ho_trooscb9/xn-mpmas/xn-mpmas-code/lib -lpnetcdf  

yes
----------------------------------------
Checking for 'netcdf'
['/usr/bin/pkg-config', '--cflags', '--libs', 'netcdf']
out: -I/home/ho/ho_mas/ho_trooscb9/netcdflibs/include  -L/home/ho/ho_mas/ho_trooscb9/netcdflibs/lib -lnetcdf  

yes
----------------------------------------
Installation Prefix
../../
----------------------------------------
Checking for Mpmas 
==>
 
            #include "MpmasMaster.h"
            #include "mpi.h"
                        int main(int argc, char **argv){
                        return 0;
                        }
                       
<==
[1/2] [32mcxx: build/.conf_check_b26e5f4a9a5b05a7b54495cb83b60c7b/test.cpp -> build/.conf_check_b26e5f4a9a5b05a7b54495cb83b60c7b/testbuild/test.cpp.1.o
[0m
['g++', '-Wall', '-fPIC', '-Wno-unknown-pragmas', '-O2', '-pthread', '-I/pfs/data2/home/ho/ho_mas/ho_trooscb9/xn-mpmas/xn-mpmas-code/include', '-I/pfs/data2/home/ho/ho_mas/ho_trooscb9/xn-mpmas/xn-mpmas-code/include/coinor', '-I/pfs/data2/home/ho/ho_mas/ho_trooscb9/xn-mpmas/xn-mpmas-code/include/yaml-cpp', '-I/pfs/data2/home/ho/ho_mas/ho_trooscb9/xn-mpmas/xn-mpmas-code/src/build/.conf_check_b26e5f4a9a5b05a7b54495cb83b60c7b/testbuild/-L/usr/include/boost148', '-I/pfs/data2/home/ho/ho_mas/ho_trooscb9/xn-mpmas/xn-mpmas-code/src/build/.conf_check_b26e5f4a9a5b05a7b54495cb83b60c7b/-L/usr/include/boost148', '-I/home/ho/ho_mas/ho_trooscb9/expertn50/dev/xpn/libexpertn_modul_base/include', '-I/pfs/data2/home/ho/ho_mas/ho_trooscb9/xn-mpmas/xn-mpmas-code/src/build/.conf_check_b26e5f4a9a5b05a7b54495cb83b60c7b/testbuild', '-I/pfs/data2/home/ho/ho_mas/ho_trooscb9/xn-mpmas/xn-mpmas-code/src/build/.conf_check_b26e5f4a9a5b05a7b54495cb83b60c7b', '-I/opt/bwhpc/common/mpi/openmpi/1.8.7-gnu-4.8/include/openmpi/opal/mca/hwloc/hwloc191/hwloc/include', '-I/opt/bwhpc/common/mpi/openmpi/1.8.7-gnu-4.8/include/openmpi/opal/mca/event/libevent2021/libevent', '-I/opt/bwhpc/common/mpi/openmpi/1.8.7-gnu-4.8/include/openmpi/opal/mca/event/libevent2021/libevent/include', '-I/opt/bwhpc/common/mpi/openmpi/1.8.7-gnu-4.8/include', '-I/opt/bwhpc/common/mpi/openmpi/1.8.7-gnu-4.8/include/openmpi', '-DHAVE_GLIB=1', '-DHAVE_GOBJECT=1', '-DHAVE_GMODULE=1', '-DHAVE_LIBXML2=1', '-DHAVE_LIBGDA=1', '-DHAVE_YAML=1', '-DXPN_VERSION="5.0 Rev 0"', '-DHAVE_OPEN_MPI=1', '-DUSE_MPI=1', '-DPAR2=1', '-DHAVE_LIBPNETCDF=1', '-DHAVE_LIBNETCDF=1', '-DAIX=1', '-DXN=1', '-DMULTIPERIOD=1', '../test.cpp', '-c', '-o', 'test.cpp.1.o']
[2/2] [33mcxxprogram: build/.conf_check_b26e5f4a9a5b05a7b54495cb83b60c7b/testbuild/test.cpp.1.o -> build/.conf_check_b26e5f4a9a5b05a7b54495cb83b60c7b/testbuild/testprog
[0m
['g++', '-L/pfs/data2/home/ho/ho_mas/ho_trooscb9/xn-mpmas/xn-mpmas-code/src/../lib', '-L/pfs/data2/home/ho/ho_mas/ho_trooscb9/xn-mpmas/xn-mpmas-code/src/../lib/coinor/lib', '-L/usr/lib/x86_64-linux-gnu', '-MMD', '-MP', '-pthread', '-Wl,-rpath', '-Wl,/opt/bwhpc/common/mpi/openmpi/1.8.7-gnu-4.8/lib', '-Wl,--enable-new-dtags', 'test.cpp.1.o', '-o', '/pfs/data2/home/ho/ho_mas/ho_trooscb9/xn-mpmas/xn-mpmas-code/src/build/.conf_check_b26e5f4a9a5b05a7b54495cb83b60c7b/testbuild/testprog', '-Wl,-Bstatic', '-Wl,-Bdynamic', '-L/opt/bwhpc/common/mpi/openmpi/1.8.7-gnu-4.8/lib', '-lMpmasMP_MPI', '-lCbc', '-lOsiSym', '-lSym', '-lOsiClp', '-lClp', '-lCgl', '-lOsi', '-lCoinUtils', '-lCbcSolver', '-lm', '-lmpi_cxx', '-lmpi']
yes
----------------------------------------
Checking for expertn_modul_base 
==>
#include "expertn_modul_base.h"
                                   expertn_modul_base* base;
                        int main(int argc, char **argv){
                        base = expertn_modul_base_new();
                        return 0;
                        };
<==
[1/2] [32mc: build/.conf_check_e0a3889107deae69efc23a074e6df5ce/test.c -> build/.conf_check_e0a3889107deae69efc23a074e6df5ce/testbuild/test.c.1.o
[0m
['gcc', '-Wall', '-fPIC', '-O2', '-pthread', '-pthread', '-pthread', '-pthread', '-pthread', '-pthread', '-Wall', '-I/home/ho/ho_mas/ho_trooscb9/expertn50/dev/xpn/libexpertn_modul_base/include', '-I/usr/include/glib-2.0', '-I/usr/lib64/glib-2.0/include', '-I/usr/include/libxml2', '-I/home/ho/ho_mas/ho_trooscb9/gdalibs/include/libgda-4.0', '-I/home/ho/ho_mas/ho_trooscb9/gdalibs/include/libgda-4.0/libgda', '-DHAVE_GLIB=1', '-DHAVE_GOBJECT=1', '-DHAVE_GMODULE=1', '-DHAVE_LIBXML2=1', '-DHAVE_LIBGDA=1', '-DHAVE_YAML=1', '-DXPN_VERSION="5.0 Rev 0"', '-DHAVE_OPEN_MPI=1', '-DUSE_MPI=1', '-DPAR2=1', '-DHAVE_LIBPNETCDF=1', '-DHAVE_LIBNETCDF=1', '-DAIX=1', '-DXN=1', '-DMULTIPERIOD=1', '../test.c', '-c', '-o', 'test.c.1.o']
[2/2] [33mcprogram: build/.conf_check_e0a3889107deae69efc23a074e6df5ce/testbuild/test.c.1.o -> build/.conf_check_e0a3889107deae69efc23a074e6df5ce/testbuild/testprog
[0m
['gcc', '-L/home/ho/ho_mas/ho_trooscb9/expertn50/built/bin', '-pthread', '-Wl,--export-dynamic', '-pthread', '-pthread', '-Wl,--export-dynamic', '-pthread', '-pthread', '-pthread', 'test.c.1.o', '-o', '/pfs/data2/home/ho/ho_mas/ho_trooscb9/xn-mpmas/xn-mpmas-code/src/build/.conf_check_e0a3889107deae69efc23a074e6df5ce/testbuild/testprog', '-Wl,-Bstatic', '-Wl,-Bdynamic', '-L/home/ho/ho_mas/ho_trooscb9/gdalibs/lib', '-lexpertn_modul_base', '-lglib-2.0', '-lgobject-2.0', '-lglib-2.0', '-lgmodule-2.0', '-lglib-2.0', '-lxml2', '-lgda-4.0', '-lgobject-2.0', '-lgthread-2.0', '-lxml2', '-lglib-2.0', '-lm']
yes
----------------------------------------
Checking for expertn_class 
==>
#include "expertnclass.h"
                        int main(int argc, char **argv){
                        expertnclass_get_type();
                        return 0;
                        };
<==
[1/2] [32mc: build/.conf_check_cbfe4eeec7ee6290ddb188d46667e33c/test.c -> build/.conf_check_cbfe4eeec7ee6290ddb188d46667e33c/testbuild/test.c.1.o
[0m
['gcc', '-Wall', '-fPIC', '-O2', '-pthread', '-pthread', '-pthread', '-pthread', '-pthread', '-pthread', '-Wall', '-I/home/ho/ho_mas/ho_trooscb9/expertn50/dev/xpn/libexpertn_class/include', '-I/usr/include/glib-2.0', '-I/usr/lib64/glib-2.0/include', '-I/usr/include/libxml2', '-I/home/ho/ho_mas/ho_trooscb9/gdalibs/include/libgda-4.0', '-I/home/ho/ho_mas/ho_trooscb9/gdalibs/include/libgda-4.0/libgda', '-I/home/ho/ho_mas/ho_trooscb9/netcdflibs/include', '-I/home/ho/ho_mas/ho_trooscb9/xn-mpmas/xn-mpmas-code/include', '-I/home/ho/ho_mas/ho_trooscb9/expertn50/dev/xpn/libexpertn_modul_base/include', '-DHAVE_GLIB=1', '-DHAVE_GOBJECT=1', '-DHAVE_GMODULE=1', '-DHAVE_LIBXML2=1', '-DHAVE_LIBGDA=1', '-DHAVE_YAML=1', '-DXPN_VERSION="5.0 Rev 0"', '-DHAVE_OPEN_MPI=1', '-DUSE_MPI=1', '-DPAR2=1', '-DHAVE_LIBPNETCDF=1', '-DHAVE_LIBNETCDF=1', '-DAIX=1', '-DXN=1', '-DMULTIPERIOD=1', '../test.c', '-c', '-o', 'test.c.1.o']
[2/2] [33mcprogram: build/.conf_check_cbfe4eeec7ee6290ddb188d46667e33c/testbuild/test.c.1.o -> build/.conf_check_cbfe4eeec7ee6290ddb188d46667e33c/testbuild/testprog
[0m
['gcc', '-L/home/ho/ho_mas/ho_trooscb9/expertn50/built/bin', '-pthread', '-Wl,--export-dynamic', '-pthread', '-pthread', '-Wl,--export-dynamic', '-pthread', '-pthread', '-pthread', '-L/home/ho/ho_mas/ho_trooscb9/expertn50/built/bin', 'test.c.1.o', '-o', '/pfs/data2/home/ho/ho_mas/ho_trooscb9/xn-mpmas/xn-mpmas-code/src/build/.conf_check_cbfe4eeec7ee6290ddb188d46667e33c/testbuild/testprog', '-Wl,-Bstatic', '-Wl,-Bdynamic', '-L/home/ho/ho_mas/ho_trooscb9/gdalibs/lib', '-L/home/ho/ho_mas/ho_trooscb9/netcdflibs/lib', '-L/home/ho/ho_mas/ho_trooscb9/xn-mpmas/xn-mpmas-code/lib', '-lexpertn_class', '-lglib-2.0', '-lgobject-2.0', '-lglib-2.0', '-lgmodule-2.0', '-lglib-2.0', '-lxml2', '-lgda-4.0', '-lgobject-2.0', '-lgthread-2.0', '-lxml2', '-lglib-2.0', '-lnetcdf', '-lpnetcdf', '-lexpertn_modul_base', '-lm']
yes
